[debug] [2024-05-09T20:46:34.795Z] ----------------------------------------------------------------------
[debug] [2024-05-09T20:46:34.798Z] Command:       C:\Program Files\nodejs\node.exe C:\Users\maruf\AppData\Roaming\npm\node_modules\firebase-tools\lib\bin\firebase.js init
[debug] [2024-05-09T20:46:34.799Z] CLI Version:   13.8.1
[debug] [2024-05-09T20:46:34.799Z] Platform:      win32
[debug] [2024-05-09T20:46:34.799Z] Node Version:  v20.12.2
[debug] [2024-05-09T20:46:34.800Z] Time:          Fri May 10 2024 02:46:34 GMT+0600 (Bangladesh Standard Time)
[debug] [2024-05-09T20:46:34.800Z] ----------------------------------------------------------------------
[debug] 
[debug] [2024-05-09T20:46:34.806Z] > command requires scopes: ["email","openid","https://www.googleapis.com/auth/cloudplatformprojects.readonly","https://www.googleapis.com/auth/firebase","https://www.googleapis.com/auth/cloud-platform"]
[debug] [2024-05-09T20:46:34.806Z] > authorizing via signed-in user (mmarufhussain50@gmail.com)
[info] 
     ######## #### ########  ######## ########     ###     ######  ########
     ##        ##  ##     ## ##       ##     ##  ##   ##  ##       ##
     ######    ##  ########  ######   ########  #########  ######  ######
     ##        ##  ##    ##  ##       ##     ## ##     ##       ## ##
     ##       #### ##     ## ######## ########  ##     ##  ######  ########

You're about to initialize a Firebase project in this directory:

  C:\Projects\server-site\drinko-coffee-server

Before we get started, keep in mind:

  * You are currently outside your home directory

